<?xml version="1.0" encoding="UTF-8"?>
<testsuite xmlns:xsi="http://www.w3.org/2001/XMLSchema-instance" xsi:noNamespaceSchemaLocation="https://maven.apache.org/surefire/maven-surefire-plugin/xsd/surefire-test-report.xsd" version="3.0.2" name="com.springboot.orderSystem.OrderSystemApplicationTests" time="4.43" tests="1" errors="0" skipped="0" failures="0">
  <properties>
[...]
</properties>
  <testcase name="contextLoads" classname="com.springboot.orderSystem.OrderSystemApplicationTests" time="1.192">
    <system-out><![CDATA[12:46:52.597 [main] INFO org.springframework.test.context.support.AnnotationConfigContextLoaderUtils -- Could not detect default configuration classes for test class [com.springboot.orderSystem.OrderSystemApplicationTests]: OrderSystemApplicationTests does not declare any static, non-private, non-final, nested classes annotated with @Configuration.
12:46:52.745 [main] INFO org.springframework.boot.test.context.SpringBootTestContextBootstrapper -- Found @SpringBootConfiguration com.springboot.orderSystem.OrderSystemApplication for test class com.springboot.orderSystem.OrderSystemApplicationTests

  .   ____          _            __ _ _
 /\\ / ___'_ __ _ _(_)_ __  __ _ \ \ \ \
( ( )\___ | '_ | '_| | '_ \/ _` | \ \ \ \
 \\/  ___)| |_)| | | | | || (_| |  ) ) ) )
  '  |____| .__|_| |_|_| |_\__, | / / / /
 =========|_|==============|___/=/_/_/_/

 :: Spring Boot ::                (v3.4.0)

2024-12-06T12:46:53.304+08:00  INFO 23648 --- [orderSystem] [           main] c.s.o.OrderSystemApplicationTests        : Starting OrderSystemApplicationTests using Java 18.0.1.1 with PID 23648 (started by mk in D:\Users\mingk\Desktop\JOB\orderSystem)
2024-12-06T12:46:53.305+08:00  INFO 23648 --- [orderSystem] [           main] c.s.o.OrderSystemApplicationTests        : No active profile set, falling back to 1 default profile: "default"
2024-12-06T12:46:55.597+08:00  INFO 23648 --- [orderSystem] [           main] c.s.o.OrderSystemApplicationTests        : Started OrderSystemApplicationTests in 2.65 seconds (process running for 3.879)
]]></system-out>
  </testcase>
</testsuite>